[0.020s] Invoking command in '/home/johan/Documents/ros_2_worspace/src/build/project_ros2_pkg': CMAKE_PREFIX_PATH=/opt/ros/foxy /usr/bin/cmake /home/johan/Documents/ros_2_worspace/src/project-ROS2-pkg -DCMAKE_INSTALL_PREFIX=/home/johan/Documents/ros_2_worspace/src/install/project_ros2_pkg
[0.094s] -- The C compiler identification is GNU 9.4.0
[0.169s] -- The CXX compiler identification is GNU 9.4.0
[0.177s] -- Check for working C compiler: /usr/bin/cc
[0.268s] -- Check for working C compiler: /usr/bin/cc -- works
[0.269s] -- Detecting C compiler ABI info
[0.353s] -- Detecting C compiler ABI info - done
[0.368s] -- Detecting C compile features
[0.368s] -- Detecting C compile features - done
[0.370s] -- Check for working CXX compiler: /usr/bin/c++
[0.473s] -- Check for working CXX compiler: /usr/bin/c++ -- works
[0.474s] -- Detecting CXX compiler ABI info
[0.584s] -- Detecting CXX compiler ABI info - done
[0.608s] -- Detecting CXX compile features
[0.609s] -- Detecting CXX compile features - done
[0.610s] -- Found ament_cmake: 0.9.12 (/opt/ros/foxy/share/ament_cmake/cmake)
[0.638s] -- Found PythonInterp: /usr/bin/python3 (found suitable version "3.8.10", minimum required is "3") 
[0.639s] -- Using PYTHON_EXECUTABLE: /usr/bin/python3
[0.815s] -- Found rclcpp: 2.4.3 (/opt/ros/foxy/share/rclcpp/cmake)
[0.862s] -- Using all available rosidl_typesupport_c: rosidl_typesupport_fastrtps_c;rosidl_typesupport_introspection_c
[0.868s] -- Found rosidl_adapter: 1.3.1 (/opt/ros/foxy/share/rosidl_adapter/cmake)
[0.991s] -- Found OpenSSL: /usr/lib/x86_64-linux-gnu/libcrypto.so (found version "1.1.1f")  
[1.019s] -- Found FastRTPS: /opt/ros/foxy/include  
[1.090s] -- Using all available rosidl_typesupport_cpp: rosidl_typesupport_fastrtps_cpp;rosidl_typesupport_introspection_cpp
[1.140s] -- Found rmw_implementation_cmake: 1.0.4 (/opt/ros/foxy/share/rmw_implementation_cmake/cmake)
[1.141s] -- Using RMW implementation 'rmw_fastrtps_cpp' as default
[1.142s] -- Looking for pthread.h
[1.243s] -- Looking for pthread.h - found
[1.243s] -- Performing Test CMAKE_HAVE_LIBC_PTHREAD
[1.337s] -- Performing Test CMAKE_HAVE_LIBC_PTHREAD - Failed
[1.337s] -- Looking for pthread_create in pthreads
[1.433s] -- Looking for pthread_create in pthreads - not found
[1.433s] -- Looking for pthread_create in pthread
[1.544s] -- Looking for pthread_create in pthread - found
[1.545s] -- Found Threads: TRUE  
[1.703s] -- Found sensor_msgs: 2.0.5 (/opt/ros/foxy/share/sensor_msgs/cmake)
[1.834s] -- Found OpenCV: /usr (found version "4.2.0") 
[1.836s] -- Found cv_bridge: 3.0.7 (/opt/ros/foxy/share/cv_bridge/cmake)
[1.862s] -- Found ament_lint_auto: 0.9.8 (/opt/ros/foxy/share/ament_lint_auto/cmake)
[1.952s] -- Added test 'copyright' to check source files copyright and LICENSE
[1.953s] -- Added test 'cppcheck' to perform static code analysis on C / C++ code
[1.953s] -- Configured cppcheck include dirs: 
[1.953s] -- Configured cppcheck exclude dirs and/or files: 
[1.953s] -- Added test 'cpplint' to check C / C++ code against the Google style
[1.954s] -- Configured cpplint exclude dirs and/or files: 
[1.954s] -- Added test 'lint_cmake' to check CMake code style
[1.955s] -- Added test 'uncrustify' to check C / C++ code style
[1.955s] -- Configured uncrustify additional arguments: 
[1.955s] -- Added test 'xmllint' to check XML markup files
[1.958s] -- Configuring done
[1.974s] -- Generating done
[1.975s] -- Build files have been written to: /home/johan/Documents/ros_2_worspace/src/build/project_ros2_pkg
[1.991s] Invoked command in '/home/johan/Documents/ros_2_worspace/src/build/project_ros2_pkg' returned '0': CMAKE_PREFIX_PATH=/opt/ros/foxy /usr/bin/cmake /home/johan/Documents/ros_2_worspace/src/project-ROS2-pkg -DCMAKE_INSTALL_PREFIX=/home/johan/Documents/ros_2_worspace/src/install/project_ros2_pkg
[1.994s] Invoking command in '/home/johan/Documents/ros_2_worspace/src/build/project_ros2_pkg': CMAKE_PREFIX_PATH=/opt/ros/foxy /usr/bin/cmake --build /home/johan/Documents/ros_2_worspace/src/build/project_ros2_pkg -- -j8 -l8
[2.060s] [35m[1mScanning dependencies of target image_subscriber[0m
[2.114s] [ 50%] [32mBuilding CXX object CMakeFiles/image_subscriber.dir/src/image_subscriber.cpp.o[0m
[8.116s] [100%] [32m[1mLinking CXX executable image_subscriber[0m
[8.727s] [100%] Built target image_subscriber
[8.743s] Invoked command in '/home/johan/Documents/ros_2_worspace/src/build/project_ros2_pkg' returned '0': CMAKE_PREFIX_PATH=/opt/ros/foxy /usr/bin/cmake --build /home/johan/Documents/ros_2_worspace/src/build/project_ros2_pkg -- -j8 -l8
[8.797s] Invoking command in '/home/johan/Documents/ros_2_worspace/src/build/project_ros2_pkg': CMAKE_PREFIX_PATH=/opt/ros/foxy /usr/bin/cmake --install /home/johan/Documents/ros_2_worspace/src/build/project_ros2_pkg
[8.811s] -- Install configuration: ""
[8.811s] -- Installing: /home/johan/Documents/ros_2_worspace/src/install/project_ros2_pkg/lib/project_ros2_pkg/image_subscriber
[8.813s] -- Set runtime path of "/home/johan/Documents/ros_2_worspace/src/install/project_ros2_pkg/lib/project_ros2_pkg/image_subscriber" to ""
[8.813s] -- Installing: /home/johan/Documents/ros_2_worspace/src/install/project_ros2_pkg/share/ament_index/resource_index/package_run_dependencies/project_ros2_pkg
[8.813s] -- Installing: /home/johan/Documents/ros_2_worspace/src/install/project_ros2_pkg/share/ament_index/resource_index/parent_prefix_path/project_ros2_pkg
[8.813s] -- Installing: /home/johan/Documents/ros_2_worspace/src/install/project_ros2_pkg/share/project_ros2_pkg/environment/ament_prefix_path.sh
[8.813s] -- Installing: /home/johan/Documents/ros_2_worspace/src/install/project_ros2_pkg/share/project_ros2_pkg/environment/ament_prefix_path.dsv
[8.813s] -- Installing: /home/johan/Documents/ros_2_worspace/src/install/project_ros2_pkg/share/project_ros2_pkg/environment/path.sh
[8.814s] -- Installing: /home/johan/Documents/ros_2_worspace/src/install/project_ros2_pkg/share/project_ros2_pkg/environment/path.dsv
[8.814s] -- Installing: /home/johan/Documents/ros_2_worspace/src/install/project_ros2_pkg/share/project_ros2_pkg/local_setup.bash
[8.814s] -- Installing: /home/johan/Documents/ros_2_worspace/src/install/project_ros2_pkg/share/project_ros2_pkg/local_setup.sh
[8.814s] -- Installing: /home/johan/Documents/ros_2_worspace/src/install/project_ros2_pkg/share/project_ros2_pkg/local_setup.zsh
[8.814s] -- Installing: /home/johan/Documents/ros_2_worspace/src/install/project_ros2_pkg/share/project_ros2_pkg/local_setup.dsv
[8.814s] -- Installing: /home/johan/Documents/ros_2_worspace/src/install/project_ros2_pkg/share/project_ros2_pkg/package.dsv
[8.814s] -- Installing: /home/johan/Documents/ros_2_worspace/src/install/project_ros2_pkg/share/ament_index/resource_index/packages/project_ros2_pkg
[8.814s] -- Installing: /home/johan/Documents/ros_2_worspace/src/install/project_ros2_pkg/share/project_ros2_pkg/cmake/project_ros2_pkgConfig.cmake
[8.815s] -- Installing: /home/johan/Documents/ros_2_worspace/src/install/project_ros2_pkg/share/project_ros2_pkg/cmake/project_ros2_pkgConfig-version.cmake
[8.815s] -- Installing: /home/johan/Documents/ros_2_worspace/src/install/project_ros2_pkg/share/project_ros2_pkg/package.xml
[8.817s] Invoked command in '/home/johan/Documents/ros_2_worspace/src/build/project_ros2_pkg' returned '0': CMAKE_PREFIX_PATH=/opt/ros/foxy /usr/bin/cmake --install /home/johan/Documents/ros_2_worspace/src/build/project_ros2_pkg
