[0.138s] DEBUG:colcon:Command line arguments: ['/usr/bin/colcon', 'build']
[0.138s] DEBUG:colcon:Parsed command line arguments: Namespace(allow_overriding=[], ament_cmake_args=None, base_paths=['.'], build_base='build', catkin_cmake_args=None, catkin_skip_building_tests=False, cmake_args=None, cmake_clean_cache=False, cmake_clean_first=False, cmake_force_configure=False, cmake_target=None, cmake_target_skip_unavailable=False, continue_on_error=False, event_handlers=None, executor='parallel', ignore_user_meta=False, install_base='install', log_base=None, log_level=None, main=<bound method BuildVerb.main of <colcon_core.verb.build.BuildVerb object at 0x7f48c7b9ad00>>, merge_install=False, metas=['./colcon.meta'], mixin=None, mixin_files=None, mixin_verb=('build',), packages_above=None, packages_above_and_dependencies=None, packages_above_depth=None, packages_end=None, packages_ignore=None, packages_ignore_regex=None, packages_select=None, packages_select_build_failed=False, packages_select_by_dep=None, packages_select_regex=None, packages_select_test_failures=False, packages_skip=None, packages_skip_build_finished=False, packages_skip_by_dep=None, packages_skip_regex=None, packages_skip_test_passed=False, packages_skip_up_to=None, packages_start=None, packages_up_to=None, packages_up_to_regex=None, parallel_workers=8, paths=None, symlink_install=False, test_result_base=None, verb_extension=<colcon_core.verb.build.BuildVerb object at 0x7f48c7b9ad00>, verb_name='build', verb_parser=<colcon_mixin.mixin.mixin_argument.MixinArgumentDecorator object at 0x7f48c7bab430>)
[0.250s] Level 1:colcon.colcon_core.package_discovery:discover_packages(colcon_meta) check parameters
[0.250s] Level 1:colcon.colcon_core.package_discovery:discover_packages(recursive) check parameters
[0.250s] Level 1:colcon.colcon_core.package_discovery:discover_packages(ignore) check parameters
[0.250s] Level 1:colcon.colcon_core.package_discovery:discover_packages(path) check parameters
[0.250s] Level 1:colcon.colcon_core.package_discovery:discover_packages(colcon_meta) discover
[0.250s] Level 1:colcon.colcon_core.package_discovery:discover_packages(recursive) discover
[0.250s] INFO:colcon.colcon_core.package_discovery:Crawling recursively for packages in '/home/johan/Documents/ros_2_worspace/src/usb_cam'
[0.250s] Level 1:colcon.colcon_core.package_identification:_identify(.) by extensions ['ignore', 'ignore_ament_install']
[0.250s] Level 1:colcon.colcon_core.package_identification:_identify(.) by extension 'ignore'
[0.251s] Level 1:colcon.colcon_core.package_identification:_identify(.) by extension 'ignore_ament_install'
[0.251s] Level 1:colcon.colcon_core.package_identification:_identify(.) by extensions ['colcon_pkg']
[0.251s] Level 1:colcon.colcon_core.package_identification:_identify(.) by extension 'colcon_pkg'
[0.251s] Level 1:colcon.colcon_core.package_identification:_identify(.) by extensions ['colcon_meta']
[0.251s] Level 1:colcon.colcon_core.package_identification:_identify(.) by extension 'colcon_meta'
[0.251s] Level 1:colcon.colcon_core.package_identification:_identify(.) by extensions ['ros']
[0.251s] Level 1:colcon.colcon_core.package_identification:_identify(.) by extension 'ros'
[0.266s] DEBUG:colcon.colcon_core.package_identification:Package '.' with type 'ros.ament_cmake' and name 'usb_cam'
[0.266s] Level 1:colcon.colcon_core.package_discovery:discover_packages(recursive) using defaults
[0.266s] Level 1:colcon.colcon_core.package_discovery:discover_packages(ignore) discover
[0.266s] Level 1:colcon.colcon_core.package_discovery:discover_packages(ignore) using defaults
[0.266s] Level 1:colcon.colcon_core.package_discovery:discover_packages(path) discover
[0.266s] Level 1:colcon.colcon_core.package_discovery:discover_packages(path) using defaults
[0.280s] Level 1:colcon.colcon_core.package_discovery:discover_packages(prefix_path) check parameters
[0.280s] Level 1:colcon.colcon_core.package_discovery:discover_packages(prefix_path) discover
[0.281s] DEBUG:colcon.colcon_installed_package_information.package_discovery:Found 264 installed packages in /opt/ros/foxy
[0.295s] Level 1:colcon.colcon_core.package_discovery:discover_packages(prefix_path) using defaults
[0.338s] Level 5:colcon.colcon_core.verb:set package 'usb_cam' build argument 'cmake_args' from command line to 'None'
[0.338s] Level 5:colcon.colcon_core.verb:set package 'usb_cam' build argument 'cmake_target' from command line to 'None'
[0.338s] Level 5:colcon.colcon_core.verb:set package 'usb_cam' build argument 'cmake_target_skip_unavailable' from command line to 'False'
[0.338s] Level 5:colcon.colcon_core.verb:set package 'usb_cam' build argument 'cmake_clean_cache' from command line to 'False'
[0.338s] Level 5:colcon.colcon_core.verb:set package 'usb_cam' build argument 'cmake_clean_first' from command line to 'False'
[0.338s] Level 5:colcon.colcon_core.verb:set package 'usb_cam' build argument 'cmake_force_configure' from command line to 'False'
[0.338s] Level 5:colcon.colcon_core.verb:set package 'usb_cam' build argument 'ament_cmake_args' from command line to 'None'
[0.338s] Level 5:colcon.colcon_core.verb:set package 'usb_cam' build argument 'catkin_cmake_args' from command line to 'None'
[0.339s] Level 5:colcon.colcon_core.verb:set package 'usb_cam' build argument 'catkin_skip_building_tests' from command line to 'False'
[0.339s] DEBUG:colcon.colcon_core.verb:Building package 'usb_cam' with the following arguments: {'ament_cmake_args': None, 'build_base': '/home/johan/Documents/ros_2_worspace/src/usb_cam/build/usb_cam', 'catkin_cmake_args': None, 'catkin_skip_building_tests': False, 'cmake_args': None, 'cmake_clean_cache': False, 'cmake_clean_first': False, 'cmake_force_configure': False, 'cmake_target': None, 'cmake_target_skip_unavailable': False, 'install_base': '/home/johan/Documents/ros_2_worspace/src/usb_cam/install/usb_cam', 'merge_install': False, 'path': '/home/johan/Documents/ros_2_worspace/src/usb_cam', 'symlink_install': False, 'test_result_base': None}
[0.339s] INFO:colcon.colcon_core.executor:Executing jobs using 'parallel' executor
[0.340s] DEBUG:colcon.colcon_parallel_executor.executor.parallel:run_until_complete
[0.340s] INFO:colcon.colcon_ros.task.ament_cmake.build:Building ROS package in '/home/johan/Documents/ros_2_worspace/src/usb_cam' with build type 'ament_cmake'
[0.340s] INFO:colcon.colcon_cmake.task.cmake.build:Building CMake package in '/home/johan/Documents/ros_2_worspace/src/usb_cam'
[0.342s] INFO:colcon.colcon_core.plugin_system:Skipping extension 'colcon_core.shell.bat': Not used on non-Windows systems
[0.342s] INFO:colcon.colcon_core.shell:Skip shell extension 'powershell' for command environment: Not usable outside of PowerShell
[0.342s] DEBUG:colcon.colcon_core.shell:Skip shell extension 'dsv' for command environment
[0.356s] DEBUG:colcon.colcon_core.event_handler.log_command:Invoking command in '/home/johan/Documents/ros_2_worspace/src/usb_cam/build/usb_cam': CMAKE_PREFIX_PATH=/opt/ros/foxy /usr/bin/cmake /home/johan/Documents/ros_2_worspace/src/usb_cam -DCMAKE_INSTALL_PREFIX=/home/johan/Documents/ros_2_worspace/src/usb_cam/install/usb_cam
[5.402s] DEBUG:colcon.colcon_core.event_handler.log_command:Invoked command in '/home/johan/Documents/ros_2_worspace/src/usb_cam/build/usb_cam' returned '0': CMAKE_PREFIX_PATH=/opt/ros/foxy /usr/bin/cmake /home/johan/Documents/ros_2_worspace/src/usb_cam -DCMAKE_INSTALL_PREFIX=/home/johan/Documents/ros_2_worspace/src/usb_cam/install/usb_cam
[5.406s] DEBUG:colcon.colcon_core.event_handler.log_command:Invoking command in '/home/johan/Documents/ros_2_worspace/src/usb_cam/build/usb_cam': CMAKE_PREFIX_PATH=/opt/ros/foxy /usr/bin/cmake --build /home/johan/Documents/ros_2_worspace/src/usb_cam/build/usb_cam -- -j8 -l8
[16.600s] DEBUG:colcon.colcon_core.event_handler.log_command:Invoked command in '/home/johan/Documents/ros_2_worspace/src/usb_cam/build/usb_cam' returned '0': CMAKE_PREFIX_PATH=/opt/ros/foxy /usr/bin/cmake --build /home/johan/Documents/ros_2_worspace/src/usb_cam/build/usb_cam -- -j8 -l8
[16.665s] DEBUG:colcon.colcon_core.event_handler.log_command:Invoking command in '/home/johan/Documents/ros_2_worspace/src/usb_cam/build/usb_cam': CMAKE_PREFIX_PATH=/opt/ros/foxy /usr/bin/cmake --install /home/johan/Documents/ros_2_worspace/src/usb_cam/build/usb_cam
[16.683s] Level 1:colcon.colcon_core.environment:create_environment_scripts_only(usb_cam)
[16.684s] DEBUG:colcon.colcon_core.event_handler.log_command:Invoked command in '/home/johan/Documents/ros_2_worspace/src/usb_cam/build/usb_cam' returned '0': CMAKE_PREFIX_PATH=/opt/ros/foxy /usr/bin/cmake --install /home/johan/Documents/ros_2_worspace/src/usb_cam/build/usb_cam
[16.689s] Level 1:colcon.colcon_core.environment:checking '/home/johan/Documents/ros_2_worspace/src/usb_cam/install/usb_cam' for CMake module files
[16.690s] Level 1:colcon.colcon_core.environment:checking '/home/johan/Documents/ros_2_worspace/src/usb_cam/install/usb_cam' for CMake config files
[16.690s] Level 1:colcon.colcon_core.shell:create_environment_hook('usb_cam', 'cmake_prefix_path')
[16.691s] INFO:colcon.colcon_core.shell:Creating environment hook '/home/johan/Documents/ros_2_worspace/src/usb_cam/install/usb_cam/share/usb_cam/hook/cmake_prefix_path.ps1'
[16.692s] INFO:colcon.colcon_core.shell:Creating environment descriptor '/home/johan/Documents/ros_2_worspace/src/usb_cam/install/usb_cam/share/usb_cam/hook/cmake_prefix_path.dsv'
[16.693s] INFO:colcon.colcon_core.shell:Creating environment hook '/home/johan/Documents/ros_2_worspace/src/usb_cam/install/usb_cam/share/usb_cam/hook/cmake_prefix_path.sh'
[16.695s] Level 1:colcon.colcon_core.environment:checking '/home/johan/Documents/ros_2_worspace/src/usb_cam/install/usb_cam/lib'
[16.695s] Level 1:colcon.colcon_core.shell:create_environment_hook('usb_cam', 'ld_library_path_lib')
[16.696s] INFO:colcon.colcon_core.shell:Creating environment hook '/home/johan/Documents/ros_2_worspace/src/usb_cam/install/usb_cam/share/usb_cam/hook/ld_library_path_lib.ps1'
[16.696s] INFO:colcon.colcon_core.shell:Creating environment descriptor '/home/johan/Documents/ros_2_worspace/src/usb_cam/install/usb_cam/share/usb_cam/hook/ld_library_path_lib.dsv'
[16.697s] INFO:colcon.colcon_core.shell:Creating environment hook '/home/johan/Documents/ros_2_worspace/src/usb_cam/install/usb_cam/share/usb_cam/hook/ld_library_path_lib.sh'
[16.697s] Level 1:colcon.colcon_core.environment:checking '/home/johan/Documents/ros_2_worspace/src/usb_cam/install/usb_cam/bin'
[16.697s] Level 1:colcon.colcon_core.environment:checking '/home/johan/Documents/ros_2_worspace/src/usb_cam/install/usb_cam/lib/pkgconfig/usb_cam.pc'
[16.698s] Level 1:colcon.colcon_core.environment:checking '/home/johan/Documents/ros_2_worspace/src/usb_cam/install/usb_cam/lib/python3.8/site-packages'
[16.698s] Level 1:colcon.colcon_core.environment:checking '/home/johan/Documents/ros_2_worspace/src/usb_cam/install/usb_cam/bin'
[16.698s] INFO:colcon.colcon_core.shell:Creating package script '/home/johan/Documents/ros_2_worspace/src/usb_cam/install/usb_cam/share/usb_cam/package.ps1'
[16.700s] INFO:colcon.colcon_core.shell:Creating package descriptor '/home/johan/Documents/ros_2_worspace/src/usb_cam/install/usb_cam/share/usb_cam/package.dsv'
[16.701s] INFO:colcon.colcon_core.shell:Creating package script '/home/johan/Documents/ros_2_worspace/src/usb_cam/install/usb_cam/share/usb_cam/package.sh'
[16.702s] INFO:colcon.colcon_core.shell:Creating package script '/home/johan/Documents/ros_2_worspace/src/usb_cam/install/usb_cam/share/usb_cam/package.bash'
[16.702s] INFO:colcon.colcon_core.shell:Creating package script '/home/johan/Documents/ros_2_worspace/src/usb_cam/install/usb_cam/share/usb_cam/package.zsh'
[16.703s] Level 1:colcon.colcon_core.environment:create_file_with_runtime_dependencies(/home/johan/Documents/ros_2_worspace/src/usb_cam/install/usb_cam/share/colcon-core/packages/usb_cam)
[16.754s] Level 1:colcon.colcon_core.environment:create_environment_scripts_only(usb_cam)
[16.754s] Level 1:colcon.colcon_core.environment:checking '/home/johan/Documents/ros_2_worspace/src/usb_cam/install/usb_cam' for CMake module files
[16.755s] Level 1:colcon.colcon_core.environment:checking '/home/johan/Documents/ros_2_worspace/src/usb_cam/install/usb_cam' for CMake config files
[16.755s] Level 1:colcon.colcon_core.shell:create_environment_hook('usb_cam', 'cmake_prefix_path')
[16.756s] INFO:colcon.colcon_core.shell:Creating environment hook '/home/johan/Documents/ros_2_worspace/src/usb_cam/install/usb_cam/share/usb_cam/hook/cmake_prefix_path.ps1'
[16.757s] INFO:colcon.colcon_core.shell:Creating environment descriptor '/home/johan/Documents/ros_2_worspace/src/usb_cam/install/usb_cam/share/usb_cam/hook/cmake_prefix_path.dsv'
[16.758s] INFO:colcon.colcon_core.shell:Creating environment hook '/home/johan/Documents/ros_2_worspace/src/usb_cam/install/usb_cam/share/usb_cam/hook/cmake_prefix_path.sh'
[16.759s] Level 1:colcon.colcon_core.environment:checking '/home/johan/Documents/ros_2_worspace/src/usb_cam/install/usb_cam/lib'
[16.759s] Level 1:colcon.colcon_core.shell:create_environment_hook('usb_cam', 'ld_library_path_lib')
[16.759s] INFO:colcon.colcon_core.shell:Creating environment hook '/home/johan/Documents/ros_2_worspace/src/usb_cam/install/usb_cam/share/usb_cam/hook/ld_library_path_lib.ps1'
[16.759s] INFO:colcon.colcon_core.shell:Creating environment descriptor '/home/johan/Documents/ros_2_worspace/src/usb_cam/install/usb_cam/share/usb_cam/hook/ld_library_path_lib.dsv'
[16.760s] INFO:colcon.colcon_core.shell:Creating environment hook '/home/johan/Documents/ros_2_worspace/src/usb_cam/install/usb_cam/share/usb_cam/hook/ld_library_path_lib.sh'
[16.760s] Level 1:colcon.colcon_core.environment:checking '/home/johan/Documents/ros_2_worspace/src/usb_cam/install/usb_cam/bin'
[16.760s] Level 1:colcon.colcon_core.environment:checking '/home/johan/Documents/ros_2_worspace/src/usb_cam/install/usb_cam/lib/pkgconfig/usb_cam.pc'
[16.760s] Level 1:colcon.colcon_core.environment:checking '/home/johan/Documents/ros_2_worspace/src/usb_cam/install/usb_cam/lib/python3.8/site-packages'
[16.760s] Level 1:colcon.colcon_core.environment:checking '/home/johan/Documents/ros_2_worspace/src/usb_cam/install/usb_cam/bin'
[16.761s] INFO:colcon.colcon_core.shell:Creating package script '/home/johan/Documents/ros_2_worspace/src/usb_cam/install/usb_cam/share/usb_cam/package.ps1'
[16.761s] INFO:colcon.colcon_core.shell:Creating package descriptor '/home/johan/Documents/ros_2_worspace/src/usb_cam/install/usb_cam/share/usb_cam/package.dsv'
[16.761s] INFO:colcon.colcon_core.shell:Creating package script '/home/johan/Documents/ros_2_worspace/src/usb_cam/install/usb_cam/share/usb_cam/package.sh'
[16.762s] INFO:colcon.colcon_core.shell:Creating package script '/home/johan/Documents/ros_2_worspace/src/usb_cam/install/usb_cam/share/usb_cam/package.bash'
[16.762s] INFO:colcon.colcon_core.shell:Creating package script '/home/johan/Documents/ros_2_worspace/src/usb_cam/install/usb_cam/share/usb_cam/package.zsh'
[16.762s] Level 1:colcon.colcon_core.environment:create_file_with_runtime_dependencies(/home/johan/Documents/ros_2_worspace/src/usb_cam/install/usb_cam/share/colcon-core/packages/usb_cam)
[16.763s] DEBUG:colcon.colcon_parallel_executor.executor.parallel:closing loop
[16.763s] DEBUG:colcon.colcon_parallel_executor.executor.parallel:loop closed
[16.763s] DEBUG:colcon.colcon_parallel_executor.executor.parallel:run_until_complete finished with '0'
[16.763s] DEBUG:colcon.colcon_core.event_reactor:joining thread
[16.771s] INFO:colcon.colcon_core.plugin_system:Skipping extension 'colcon_notification.desktop_notification.terminal_notifier': Not used on non-Darwin systems
[16.772s] INFO:colcon.colcon_core.plugin_system:Skipping extension 'colcon_notification.desktop_notification.win32': Not used on non-Windows systems
[16.772s] INFO:colcon.colcon_notification.desktop_notification:Sending desktop notification using 'notify2'
[16.794s] DEBUG:colcon.colcon_core.event_reactor:joined thread
[16.795s] INFO:colcon.colcon_core.shell:Creating prefix script '/home/johan/Documents/ros_2_worspace/src/usb_cam/install/local_setup.ps1'
[16.796s] INFO:colcon.colcon_core.shell:Creating prefix util module '/home/johan/Documents/ros_2_worspace/src/usb_cam/install/_local_setup_util_ps1.py'
[16.799s] INFO:colcon.colcon_core.shell:Creating prefix chain script '/home/johan/Documents/ros_2_worspace/src/usb_cam/install/setup.ps1'
[16.800s] INFO:colcon.colcon_core.shell:Creating prefix script '/home/johan/Documents/ros_2_worspace/src/usb_cam/install/local_setup.sh'
[16.801s] INFO:colcon.colcon_core.shell:Creating prefix util module '/home/johan/Documents/ros_2_worspace/src/usb_cam/install/_local_setup_util_sh.py'
[16.802s] INFO:colcon.colcon_core.shell:Creating prefix chain script '/home/johan/Documents/ros_2_worspace/src/usb_cam/install/setup.sh'
[16.804s] INFO:colcon.colcon_core.shell:Creating prefix script '/home/johan/Documents/ros_2_worspace/src/usb_cam/install/local_setup.bash'
[16.804s] INFO:colcon.colcon_core.shell:Creating prefix chain script '/home/johan/Documents/ros_2_worspace/src/usb_cam/install/setup.bash'
[16.806s] INFO:colcon.colcon_core.shell:Creating prefix script '/home/johan/Documents/ros_2_worspace/src/usb_cam/install/local_setup.zsh'
[16.807s] INFO:colcon.colcon_core.shell:Creating prefix chain script '/home/johan/Documents/ros_2_worspace/src/usb_cam/install/setup.zsh'
