[0.144s] DEBUG:colcon:Command line arguments: ['/usr/bin/colcon', 'build']
[0.144s] DEBUG:colcon:Parsed command line arguments: Namespace(allow_overriding=[], ament_cmake_args=None, base_paths=['.'], build_base='build', catkin_cmake_args=None, catkin_skip_building_tests=False, cmake_args=None, cmake_clean_cache=False, cmake_clean_first=False, cmake_force_configure=False, cmake_target=None, cmake_target_skip_unavailable=False, continue_on_error=False, event_handlers=None, executor='parallel', ignore_user_meta=False, install_base='install', log_base=None, log_level=None, main=<bound method BuildVerb.main of <colcon_core.verb.build.BuildVerb object at 0x7f1cbb4f1cd0>>, merge_install=False, metas=['./colcon.meta'], mixin=None, mixin_files=None, mixin_verb=('build',), packages_above=None, packages_above_and_dependencies=None, packages_above_depth=None, packages_end=None, packages_ignore=None, packages_ignore_regex=None, packages_select=None, packages_select_build_failed=False, packages_select_by_dep=None, packages_select_regex=None, packages_select_test_failures=False, packages_skip=None, packages_skip_build_finished=False, packages_skip_by_dep=None, packages_skip_regex=None, packages_skip_test_passed=False, packages_skip_up_to=None, packages_start=None, packages_up_to=None, packages_up_to_regex=None, parallel_workers=8, paths=None, symlink_install=False, test_result_base=None, verb_extension=<colcon_core.verb.build.BuildVerb object at 0x7f1cbb4f1cd0>, verb_name='build', verb_parser=<colcon_mixin.mixin.mixin_argument.MixinArgumentDecorator object at 0x7f1cbb506400>)
[0.256s] Level 1:colcon.colcon_core.package_discovery:discover_packages(colcon_meta) check parameters
[0.256s] Level 1:colcon.colcon_core.package_discovery:discover_packages(recursive) check parameters
[0.256s] Level 1:colcon.colcon_core.package_discovery:discover_packages(ignore) check parameters
[0.256s] Level 1:colcon.colcon_core.package_discovery:discover_packages(path) check parameters
[0.256s] Level 1:colcon.colcon_core.package_discovery:discover_packages(colcon_meta) discover
[0.256s] Level 1:colcon.colcon_core.package_discovery:discover_packages(recursive) discover
[0.256s] INFO:colcon.colcon_core.package_discovery:Crawling recursively for packages in '/home/johan/Documents/ros_2_worspace/src'
[0.256s] Level 1:colcon.colcon_core.package_identification:_identify(.) by extensions ['ignore', 'ignore_ament_install']
[0.256s] Level 1:colcon.colcon_core.package_identification:_identify(.) by extension 'ignore'
[0.256s] Level 1:colcon.colcon_core.package_identification:_identify(.) by extension 'ignore_ament_install'
[0.256s] Level 1:colcon.colcon_core.package_identification:_identify(.) by extensions ['colcon_pkg']
[0.256s] Level 1:colcon.colcon_core.package_identification:_identify(.) by extension 'colcon_pkg'
[0.256s] Level 1:colcon.colcon_core.package_identification:_identify(.) by extensions ['colcon_meta']
[0.256s] Level 1:colcon.colcon_core.package_identification:_identify(.) by extension 'colcon_meta'
[0.256s] Level 1:colcon.colcon_core.package_identification:_identify(.) by extensions ['ros']
[0.256s] Level 1:colcon.colcon_core.package_identification:_identify(.) by extension 'ros'
[0.267s] Level 1:colcon.colcon_core.package_identification:_identify(.) by extensions ['cmake', 'python']
[0.267s] Level 1:colcon.colcon_core.package_identification:_identify(.) by extension 'cmake'
[0.267s] Level 1:colcon.colcon_core.package_identification:_identify(.) by extension 'python'
[0.267s] Level 1:colcon.colcon_core.package_identification:_identify(.) by extensions ['python_setup_py']
[0.267s] Level 1:colcon.colcon_core.package_identification:_identify(.) by extension 'python_setup_py'
[0.267s] Level 1:colcon.colcon_core.package_identification:_identify(build) by extensions ['ignore', 'ignore_ament_install']
[0.267s] Level 1:colcon.colcon_core.package_identification:_identify(build) by extension 'ignore'
[0.267s] Level 1:colcon.colcon_core.package_identification:_identify(build) ignored
[0.267s] Level 1:colcon.colcon_core.package_identification:_identify(install) by extensions ['ignore', 'ignore_ament_install']
[0.267s] Level 1:colcon.colcon_core.package_identification:_identify(install) by extension 'ignore'
[0.267s] Level 1:colcon.colcon_core.package_identification:_identify(install) ignored
[0.267s] Level 1:colcon.colcon_core.package_identification:_identify(log) by extensions ['ignore', 'ignore_ament_install']
[0.267s] Level 1:colcon.colcon_core.package_identification:_identify(log) by extension 'ignore'
[0.267s] Level 1:colcon.colcon_core.package_identification:_identify(log) ignored
[0.267s] Level 1:colcon.colcon_core.package_identification:_identify(project-ROS2-pkg) by extensions ['ignore', 'ignore_ament_install']
[0.267s] Level 1:colcon.colcon_core.package_identification:_identify(project-ROS2-pkg) by extension 'ignore'
[0.267s] Level 1:colcon.colcon_core.package_identification:_identify(project-ROS2-pkg) by extension 'ignore_ament_install'
[0.268s] Level 1:colcon.colcon_core.package_identification:_identify(project-ROS2-pkg) by extensions ['colcon_pkg']
[0.268s] Level 1:colcon.colcon_core.package_identification:_identify(project-ROS2-pkg) by extension 'colcon_pkg'
[0.268s] Level 1:colcon.colcon_core.package_identification:_identify(project-ROS2-pkg) by extensions ['colcon_meta']
[0.268s] Level 1:colcon.colcon_core.package_identification:_identify(project-ROS2-pkg) by extension 'colcon_meta'
[0.268s] Level 1:colcon.colcon_core.package_identification:_identify(project-ROS2-pkg) by extensions ['ros']
[0.268s] Level 1:colcon.colcon_core.package_identification:_identify(project-ROS2-pkg) by extension 'ros'
[0.269s] DEBUG:colcon.colcon_core.package_identification:Package 'project-ROS2-pkg' with type 'ros.ament_cmake' and name 'project_ros2_pkg'
[0.270s] Level 1:colcon.colcon_core.package_discovery:discover_packages(recursive) using defaults
[0.270s] Level 1:colcon.colcon_core.package_discovery:discover_packages(ignore) discover
[0.270s] Level 1:colcon.colcon_core.package_discovery:discover_packages(ignore) using defaults
[0.270s] Level 1:colcon.colcon_core.package_discovery:discover_packages(path) discover
[0.270s] Level 1:colcon.colcon_core.package_discovery:discover_packages(path) using defaults
[0.282s] Level 1:colcon.colcon_core.package_discovery:discover_packages(prefix_path) check parameters
[0.282s] Level 1:colcon.colcon_core.package_discovery:discover_packages(prefix_path) discover
[0.283s] DEBUG:colcon.colcon_installed_package_information.package_discovery:Found 264 installed packages in /opt/ros/foxy
[0.285s] Level 1:colcon.colcon_core.package_discovery:discover_packages(prefix_path) using defaults
[0.340s] Level 5:colcon.colcon_core.verb:set package 'project_ros2_pkg' build argument 'cmake_args' from command line to 'None'
[0.340s] Level 5:colcon.colcon_core.verb:set package 'project_ros2_pkg' build argument 'cmake_target' from command line to 'None'
[0.340s] Level 5:colcon.colcon_core.verb:set package 'project_ros2_pkg' build argument 'cmake_target_skip_unavailable' from command line to 'False'
[0.340s] Level 5:colcon.colcon_core.verb:set package 'project_ros2_pkg' build argument 'cmake_clean_cache' from command line to 'False'
[0.340s] Level 5:colcon.colcon_core.verb:set package 'project_ros2_pkg' build argument 'cmake_clean_first' from command line to 'False'
[0.340s] Level 5:colcon.colcon_core.verb:set package 'project_ros2_pkg' build argument 'cmake_force_configure' from command line to 'False'
[0.340s] Level 5:colcon.colcon_core.verb:set package 'project_ros2_pkg' build argument 'ament_cmake_args' from command line to 'None'
[0.340s] Level 5:colcon.colcon_core.verb:set package 'project_ros2_pkg' build argument 'catkin_cmake_args' from command line to 'None'
[0.340s] Level 5:colcon.colcon_core.verb:set package 'project_ros2_pkg' build argument 'catkin_skip_building_tests' from command line to 'False'
[0.340s] DEBUG:colcon.colcon_core.verb:Building package 'project_ros2_pkg' with the following arguments: {'ament_cmake_args': None, 'build_base': '/home/johan/Documents/ros_2_worspace/src/build/project_ros2_pkg', 'catkin_cmake_args': None, 'catkin_skip_building_tests': False, 'cmake_args': None, 'cmake_clean_cache': False, 'cmake_clean_first': False, 'cmake_force_configure': False, 'cmake_target': None, 'cmake_target_skip_unavailable': False, 'install_base': '/home/johan/Documents/ros_2_worspace/src/install/project_ros2_pkg', 'merge_install': False, 'path': '/home/johan/Documents/ros_2_worspace/src/project-ROS2-pkg', 'symlink_install': False, 'test_result_base': None}
[0.340s] INFO:colcon.colcon_core.executor:Executing jobs using 'parallel' executor
[0.341s] DEBUG:colcon.colcon_parallel_executor.executor.parallel:run_until_complete
[0.341s] INFO:colcon.colcon_ros.task.ament_cmake.build:Building ROS package in '/home/johan/Documents/ros_2_worspace/src/project-ROS2-pkg' with build type 'ament_cmake'
[0.341s] INFO:colcon.colcon_cmake.task.cmake.build:Building CMake package in '/home/johan/Documents/ros_2_worspace/src/project-ROS2-pkg'
[0.344s] INFO:colcon.colcon_core.plugin_system:Skipping extension 'colcon_core.shell.bat': Not used on non-Windows systems
[0.344s] INFO:colcon.colcon_core.shell:Skip shell extension 'powershell' for command environment: Not usable outside of PowerShell
[0.344s] DEBUG:colcon.colcon_core.shell:Skip shell extension 'dsv' for command environment
[0.362s] DEBUG:colcon.colcon_core.event_handler.log_command:Invoking command in '/home/johan/Documents/ros_2_worspace/src/build/project_ros2_pkg': CMAKE_PREFIX_PATH=/opt/ros/foxy /usr/bin/cmake /home/johan/Documents/ros_2_worspace/src/project-ROS2-pkg -DCMAKE_INSTALL_PREFIX=/home/johan/Documents/ros_2_worspace/src/install/project_ros2_pkg
[2.333s] DEBUG:colcon.colcon_core.event_handler.log_command:Invoked command in '/home/johan/Documents/ros_2_worspace/src/build/project_ros2_pkg' returned '0': CMAKE_PREFIX_PATH=/opt/ros/foxy /usr/bin/cmake /home/johan/Documents/ros_2_worspace/src/project-ROS2-pkg -DCMAKE_INSTALL_PREFIX=/home/johan/Documents/ros_2_worspace/src/install/project_ros2_pkg
[2.338s] DEBUG:colcon.colcon_core.event_handler.log_command:Invoking command in '/home/johan/Documents/ros_2_worspace/src/build/project_ros2_pkg': CMAKE_PREFIX_PATH=/opt/ros/foxy /usr/bin/cmake --build /home/johan/Documents/ros_2_worspace/src/build/project_ros2_pkg -- -j8 -l8
[9.085s] DEBUG:colcon.colcon_core.event_handler.log_command:Invoked command in '/home/johan/Documents/ros_2_worspace/src/build/project_ros2_pkg' returned '0': CMAKE_PREFIX_PATH=/opt/ros/foxy /usr/bin/cmake --build /home/johan/Documents/ros_2_worspace/src/build/project_ros2_pkg -- -j8 -l8
[9.139s] DEBUG:colcon.colcon_core.event_handler.log_command:Invoking command in '/home/johan/Documents/ros_2_worspace/src/build/project_ros2_pkg': CMAKE_PREFIX_PATH=/opt/ros/foxy /usr/bin/cmake --install /home/johan/Documents/ros_2_worspace/src/build/project_ros2_pkg
[9.158s] Level 1:colcon.colcon_core.environment:create_environment_scripts_only(project_ros2_pkg)
[9.159s] DEBUG:colcon.colcon_core.event_handler.log_command:Invoked command in '/home/johan/Documents/ros_2_worspace/src/build/project_ros2_pkg' returned '0': CMAKE_PREFIX_PATH=/opt/ros/foxy /usr/bin/cmake --install /home/johan/Documents/ros_2_worspace/src/build/project_ros2_pkg
[9.163s] Level 1:colcon.colcon_core.environment:checking '/home/johan/Documents/ros_2_worspace/src/install/project_ros2_pkg' for CMake module files
[9.164s] Level 1:colcon.colcon_core.environment:checking '/home/johan/Documents/ros_2_worspace/src/install/project_ros2_pkg' for CMake config files
[9.164s] Level 1:colcon.colcon_core.shell:create_environment_hook('project_ros2_pkg', 'cmake_prefix_path')
[9.165s] INFO:colcon.colcon_core.shell:Creating environment hook '/home/johan/Documents/ros_2_worspace/src/install/project_ros2_pkg/share/project_ros2_pkg/hook/cmake_prefix_path.ps1'
[9.166s] INFO:colcon.colcon_core.shell:Creating environment descriptor '/home/johan/Documents/ros_2_worspace/src/install/project_ros2_pkg/share/project_ros2_pkg/hook/cmake_prefix_path.dsv'
[9.167s] INFO:colcon.colcon_core.shell:Creating environment hook '/home/johan/Documents/ros_2_worspace/src/install/project_ros2_pkg/share/project_ros2_pkg/hook/cmake_prefix_path.sh'
[9.168s] Level 1:colcon.colcon_core.environment:checking '/home/johan/Documents/ros_2_worspace/src/install/project_ros2_pkg/lib'
[9.168s] Level 1:colcon.colcon_core.environment:checking '/home/johan/Documents/ros_2_worspace/src/install/project_ros2_pkg/bin'
[9.168s] Level 1:colcon.colcon_core.environment:checking '/home/johan/Documents/ros_2_worspace/src/install/project_ros2_pkg/lib/pkgconfig/project_ros2_pkg.pc'
[9.168s] Level 1:colcon.colcon_core.environment:checking '/home/johan/Documents/ros_2_worspace/src/install/project_ros2_pkg/lib/python3.8/site-packages'
[9.168s] Level 1:colcon.colcon_core.environment:checking '/home/johan/Documents/ros_2_worspace/src/install/project_ros2_pkg/bin'
[9.168s] INFO:colcon.colcon_core.shell:Creating package script '/home/johan/Documents/ros_2_worspace/src/install/project_ros2_pkg/share/project_ros2_pkg/package.ps1'
[9.169s] INFO:colcon.colcon_core.shell:Creating package descriptor '/home/johan/Documents/ros_2_worspace/src/install/project_ros2_pkg/share/project_ros2_pkg/package.dsv'
[9.170s] INFO:colcon.colcon_core.shell:Creating package script '/home/johan/Documents/ros_2_worspace/src/install/project_ros2_pkg/share/project_ros2_pkg/package.sh'
[9.170s] INFO:colcon.colcon_core.shell:Creating package script '/home/johan/Documents/ros_2_worspace/src/install/project_ros2_pkg/share/project_ros2_pkg/package.bash'
[9.171s] INFO:colcon.colcon_core.shell:Creating package script '/home/johan/Documents/ros_2_worspace/src/install/project_ros2_pkg/share/project_ros2_pkg/package.zsh'
[9.171s] Level 1:colcon.colcon_core.environment:create_file_with_runtime_dependencies(/home/johan/Documents/ros_2_worspace/src/install/project_ros2_pkg/share/colcon-core/packages/project_ros2_pkg)
[9.207s] Level 1:colcon.colcon_core.environment:create_environment_scripts_only(project_ros2_pkg)
[9.207s] Level 1:colcon.colcon_core.environment:checking '/home/johan/Documents/ros_2_worspace/src/install/project_ros2_pkg' for CMake module files
[9.208s] Level 1:colcon.colcon_core.environment:checking '/home/johan/Documents/ros_2_worspace/src/install/project_ros2_pkg' for CMake config files
[9.208s] Level 1:colcon.colcon_core.shell:create_environment_hook('project_ros2_pkg', 'cmake_prefix_path')
[9.208s] INFO:colcon.colcon_core.shell:Creating environment hook '/home/johan/Documents/ros_2_worspace/src/install/project_ros2_pkg/share/project_ros2_pkg/hook/cmake_prefix_path.ps1'
[9.209s] INFO:colcon.colcon_core.shell:Creating environment descriptor '/home/johan/Documents/ros_2_worspace/src/install/project_ros2_pkg/share/project_ros2_pkg/hook/cmake_prefix_path.dsv'
[9.209s] INFO:colcon.colcon_core.shell:Creating environment hook '/home/johan/Documents/ros_2_worspace/src/install/project_ros2_pkg/share/project_ros2_pkg/hook/cmake_prefix_path.sh'
[9.210s] Level 1:colcon.colcon_core.environment:checking '/home/johan/Documents/ros_2_worspace/src/install/project_ros2_pkg/lib'
[9.210s] Level 1:colcon.colcon_core.environment:checking '/home/johan/Documents/ros_2_worspace/src/install/project_ros2_pkg/bin'
[9.210s] Level 1:colcon.colcon_core.environment:checking '/home/johan/Documents/ros_2_worspace/src/install/project_ros2_pkg/lib/pkgconfig/project_ros2_pkg.pc'
[9.210s] Level 1:colcon.colcon_core.environment:checking '/home/johan/Documents/ros_2_worspace/src/install/project_ros2_pkg/lib/python3.8/site-packages'
[9.210s] Level 1:colcon.colcon_core.environment:checking '/home/johan/Documents/ros_2_worspace/src/install/project_ros2_pkg/bin'
[9.211s] INFO:colcon.colcon_core.shell:Creating package script '/home/johan/Documents/ros_2_worspace/src/install/project_ros2_pkg/share/project_ros2_pkg/package.ps1'
[9.212s] INFO:colcon.colcon_core.shell:Creating package descriptor '/home/johan/Documents/ros_2_worspace/src/install/project_ros2_pkg/share/project_ros2_pkg/package.dsv'
[9.213s] INFO:colcon.colcon_core.shell:Creating package script '/home/johan/Documents/ros_2_worspace/src/install/project_ros2_pkg/share/project_ros2_pkg/package.sh'
[9.214s] INFO:colcon.colcon_core.shell:Creating package script '/home/johan/Documents/ros_2_worspace/src/install/project_ros2_pkg/share/project_ros2_pkg/package.bash'
[9.215s] INFO:colcon.colcon_core.shell:Creating package script '/home/johan/Documents/ros_2_worspace/src/install/project_ros2_pkg/share/project_ros2_pkg/package.zsh'
[9.216s] Level 1:colcon.colcon_core.environment:create_file_with_runtime_dependencies(/home/johan/Documents/ros_2_worspace/src/install/project_ros2_pkg/share/colcon-core/packages/project_ros2_pkg)
[9.216s] DEBUG:colcon.colcon_parallel_executor.executor.parallel:closing loop
[9.217s] DEBUG:colcon.colcon_parallel_executor.executor.parallel:loop closed
[9.217s] DEBUG:colcon.colcon_parallel_executor.executor.parallel:run_until_complete finished with '0'
[9.217s] DEBUG:colcon.colcon_core.event_reactor:joining thread
[9.226s] INFO:colcon.colcon_core.plugin_system:Skipping extension 'colcon_notification.desktop_notification.terminal_notifier': Not used on non-Darwin systems
[9.226s] INFO:colcon.colcon_core.plugin_system:Skipping extension 'colcon_notification.desktop_notification.win32': Not used on non-Windows systems
[9.226s] INFO:colcon.colcon_notification.desktop_notification:Sending desktop notification using 'notify2'
[9.252s] DEBUG:colcon.colcon_core.event_reactor:joined thread
[9.252s] INFO:colcon.colcon_core.shell:Creating prefix script '/home/johan/Documents/ros_2_worspace/src/install/local_setup.ps1'
[9.254s] INFO:colcon.colcon_core.shell:Creating prefix util module '/home/johan/Documents/ros_2_worspace/src/install/_local_setup_util_ps1.py'
[9.256s] INFO:colcon.colcon_core.shell:Creating prefix chain script '/home/johan/Documents/ros_2_worspace/src/install/setup.ps1'
[9.258s] INFO:colcon.colcon_core.shell:Creating prefix script '/home/johan/Documents/ros_2_worspace/src/install/local_setup.sh'
[9.259s] INFO:colcon.colcon_core.shell:Creating prefix util module '/home/johan/Documents/ros_2_worspace/src/install/_local_setup_util_sh.py'
[9.260s] INFO:colcon.colcon_core.shell:Creating prefix chain script '/home/johan/Documents/ros_2_worspace/src/install/setup.sh'
[9.261s] INFO:colcon.colcon_core.shell:Creating prefix script '/home/johan/Documents/ros_2_worspace/src/install/local_setup.bash'
[9.262s] INFO:colcon.colcon_core.shell:Creating prefix chain script '/home/johan/Documents/ros_2_worspace/src/install/setup.bash'
[9.263s] INFO:colcon.colcon_core.shell:Creating prefix script '/home/johan/Documents/ros_2_worspace/src/install/local_setup.zsh'
[9.263s] INFO:colcon.colcon_core.shell:Creating prefix chain script '/home/johan/Documents/ros_2_worspace/src/install/setup.zsh'
