Copyright 1986-2020 Xilinx, Inc. All Rights Reserved.
-----------------------------------------------------------------------------------------------------------------------------------------
| Tool Version : Vivado v.2020.2 (lin64) Build 3064766 Wed Nov 18 09:12:47 MST 2020
| Date         : Sat Nov  9 17:16:01 2024
| Host         : aksel-Aspire-A315-56 running 64-bit Ubuntu 20.04.6 LTS
| Command      : report_utilization -file u96v2_sbc_mp4d_wrapper_utilization_placed.rpt -pb u96v2_sbc_mp4d_wrapper_utilization_placed.pb
| Design       : u96v2_sbc_mp4d_wrapper
| Device       : xczu3egsbva484-1
| Design State : Fully Placed
-----------------------------------------------------------------------------------------------------------------------------------------

Utilization Design Information

Table of Contents
-----------------
1. CLB Logic
1.1 Summary of Registers by Type
2. CLB Logic Distribution
3. BLOCKRAM
4. ARITHMETIC
5. I/O
6. CLOCK
7. ADVANCED
8. CONFIGURATION
9. Primitives
10. Black Boxes
11. Instantiated Netlists

1. CLB Logic
------------

+----------------------------+-------+-------+-----------+-------+
|          Site Type         |  Used | Fixed | Available | Util% |
+----------------------------+-------+-------+-----------+-------+
| CLB LUTs                   | 11828 |     0 |     70560 | 16.76 |
|   LUT as Logic             |  8954 |     0 |     70560 | 12.69 |
|   LUT as Memory            |  2874 |     0 |     28800 |  9.98 |
|     LUT as Distributed RAM |  1784 |     0 |           |       |
|     LUT as Shift Register  |  1090 |     0 |           |       |
| CLB Registers              | 15941 |     0 |    141120 | 11.30 |
|   Register as Flip Flop    | 15941 |     0 |    141120 | 11.30 |
|   Register as Latch        |     0 |     0 |    141120 |  0.00 |
| CARRY8                     |    31 |     0 |      8820 |  0.35 |
| F7 Muxes                   |     0 |     0 |     35280 |  0.00 |
| F8 Muxes                   |     0 |     0 |     17640 |  0.00 |
| F9 Muxes                   |     0 |     0 |      8820 |  0.00 |
+----------------------------+-------+-------+-----------+-------+


1.1 Summary of Registers by Type
--------------------------------

+-------+--------------+-------------+--------------+
| Total | Clock Enable | Synchronous | Asynchronous |
+-------+--------------+-------------+--------------+
| 0     |            _ |           - |            - |
| 0     |            _ |           - |          Set |
| 0     |            _ |           - |        Reset |
| 0     |            _ |         Set |            - |
| 0     |            _ |       Reset |            - |
| 0     |          Yes |           - |            - |
| 0     |          Yes |           - |          Set |
| 123   |          Yes |           - |        Reset |
| 562   |          Yes |         Set |            - |
| 15256 |          Yes |       Reset |            - |
+-------+--------------+-------------+--------------+


2. CLB Logic Distribution
-------------------------

+--------------------------------------------+-------+-------+-----------+-------+
|                  Site Type                 |  Used | Fixed | Available | Util% |
+--------------------------------------------+-------+-------+-----------+-------+
| CLB                                        |  2345 |     0 |      8820 | 26.59 |
|   CLBL                                     |  1510 |     0 |           |       |
|   CLBM                                     |   835 |     0 |           |       |
| LUT as Logic                               |  8954 |     0 |     70560 | 12.69 |
|   using O5 output only                     |   543 |       |           |       |
|   using O6 output only                     |  5434 |       |           |       |
|   using O5 and O6                          |  2977 |       |           |       |
| LUT as Memory                              |  2874 |     0 |     28800 |  9.98 |
|   LUT as Distributed RAM                   |  1784 |     0 |           |       |
|     using O5 output only                   |     0 |       |           |       |
|     using O6 output only                   |     8 |       |           |       |
|     using O5 and O6                        |  1776 |       |           |       |
|   LUT as Shift Register                    |  1090 |     0 |           |       |
|     using O5 output only                   |     0 |       |           |       |
|     using O6 output only                   |   996 |       |           |       |
|     using O5 and O6                        |    94 |       |           |       |
| CLB Registers                              | 15941 |     0 |    141120 | 11.30 |
|   Register driven from within the CLB      | 10037 |       |           |       |
|   Register driven from outside the CLB     |  5904 |       |           |       |
|     LUT in front of the register is unused |  3980 |       |           |       |
|     LUT in front of the register is used   |  1924 |       |           |       |
| Unique Control Sets                        |  1045 |       |     17640 |  5.92 |
+--------------------------------------------+-------+-------+-----------+-------+
* * Note: Available Control Sets calculated as Slices * 2, Review the Control Sets Report for more information regarding control sets.


3. BLOCKRAM
-----------

+-------------------+------+-------+-----------+-------+
|     Site Type     | Used | Fixed | Available | Util% |
+-------------------+------+-------+-----------+-------+
| Block RAM Tile    |    2 |     0 |       216 |  0.93 |
|   RAMB36/FIFO*    |    2 |     0 |       216 |  0.93 |
|     RAMB36E2 only |    2 |       |           |       |
|   RAMB18          |    0 |     0 |       432 |  0.00 |
+-------------------+------+-------+-----------+-------+
* Note: Each Block RAM Tile only has one FIFO logic available and therefore can accommodate only one FIFO36E2 or one FIFO18E2. However, if a FIFO18E2 occupies a Block RAM Tile, that tile can still accommodate a RAMB18E2


4. ARITHMETIC
-------------

+----------------+------+-------+-----------+-------+
|    Site Type   | Used | Fixed | Available | Util% |
+----------------+------+-------+-----------+-------+
| DSPs           |    1 |     0 |       360 |  0.28 |
|   DSP48E2 only |    1 |       |           |       |
+----------------+------+-------+-----------+-------+


5. I/O
------

+------------------+------+-------+-----------+-------+
|     Site Type    | Used | Fixed | Available | Util% |
+------------------+------+-------+-----------+-------+
| Bonded IOB       |    0 |     0 |        82 |  0.00 |
| HPIOB_M          |    0 |     0 |        26 |  0.00 |
| HPIOB_S          |    0 |     0 |        26 |  0.00 |
| HDIOB_M          |    0 |     0 |        12 |  0.00 |
| HDIOB_S          |    0 |     0 |        12 |  0.00 |
| HPIOB_SNGL       |    0 |     0 |         6 |  0.00 |
| HPIOBDIFFINBUF   |    0 |     0 |        72 |  0.00 |
| HPIOBDIFFOUTBUF  |    0 |     0 |        72 |  0.00 |
| HDIOBDIFFINBUF   |    0 |     0 |        48 |  0.00 |
| BITSLICE_CONTROL |    0 |     0 |        24 |  0.00 |
| BITSLICE_RX_TX   |    0 |     0 |       156 |  0.00 |
| BITSLICE_TX      |    0 |     0 |        24 |  0.00 |
| RIU_OR           |    0 |     0 |        12 |  0.00 |
+------------------+------+-------+-----------+-------+


6. CLOCK
--------

+----------------------+------+-------+-----------+-------+
|       Site Type      | Used | Fixed | Available | Util% |
+----------------------+------+-------+-----------+-------+
| GLOBAL CLOCK BUFFERs |    1 |     0 |       196 |  0.51 |
|   BUFGCE             |    0 |     0 |        88 |  0.00 |
|   BUFGCE_DIV         |    0 |     0 |        12 |  0.00 |
|   BUFG_PS            |    1 |     0 |        72 |  1.39 |
|   BUFGCTRL*          |    0 |     0 |        24 |  0.00 |
| PLL                  |    0 |     0 |         6 |  0.00 |
| MMCM                 |    0 |     0 |         3 |  0.00 |
+----------------------+------+-------+-----------+-------+
* Note: Each used BUFGCTRL counts as two GLOBAL CLOCK BUFFERs. This table does not include global clocking resources, only buffer cell usage. See the Clock Utilization Report (report_clock_utilization) for detailed accounting of global clocking resource availability.


7. ADVANCED
-----------

+-----------+------+-------+-----------+--------+
| Site Type | Used | Fixed | Available |  Util% |
+-----------+------+-------+-----------+--------+
| PS8       |    1 |     0 |         1 | 100.00 |
| SYSMONE4  |    0 |     0 |         1 |   0.00 |
+-----------+------+-------+-----------+--------+


8. CONFIGURATION
----------------

+-------------+------+-------+-----------+-------+
|  Site Type  | Used | Fixed | Available | Util% |
+-------------+------+-------+-----------+-------+
| BSCANE2     |    0 |     0 |         4 |  0.00 |
| DNA_PORTE2  |    0 |     0 |         1 |  0.00 |
| EFUSE_USR   |    0 |     0 |         1 |  0.00 |
| FRAME_ECCE4 |    0 |     0 |         1 |  0.00 |
| ICAPE3      |    0 |     0 |         2 |  0.00 |
| MASTER_JTAG |    0 |     0 |         1 |  0.00 |
| STARTUPE3   |    0 |     0 |         1 |  0.00 |
+-------------+------+-------+-----------+-------+


9. Primitives
-------------

+----------+-------+---------------------+
| Ref Name |  Used | Functional Category |
+----------+-------+---------------------+
| FDRE     | 15256 |            Register |
| RAMD32   |  3116 |                 CLB |
| LUT6     |  3102 |                 CLB |
| LUT3     |  3098 |                 CLB |
| LUT5     |  2318 |                 CLB |
| LUT4     |  1919 |                 CLB |
| LUT2     |  1073 |                 CLB |
| SRLC32E  |   675 |                 CLB |
| FDSE     |   562 |            Register |
| SRL16E   |   509 |                 CLB |
| RAMS32   |   444 |                 CLB |
| LUT1     |   421 |                 CLB |
| FDCE     |   123 |            Register |
| CARRY8   |    31 |                 CLB |
| RAMB36E2 |     2 |            BLOCKRAM |
| PS8      |     1 |            Advanced |
| DSP48E2  |     1 |          Arithmetic |
| BUFG_PS  |     1 |               Clock |
+----------+-------+---------------------+


10. Black Boxes
---------------

+----------+------+
| Ref Name | Used |
+----------+------+


11. Instantiated Netlists
-------------------------

+------------------------------------+------+
|              Ref Name              | Used |
+------------------------------------+------+
| u96v2_sbc_mp4d_zynq_ultra_ps_e_0_0 |    1 |
| u96v2_sbc_mp4d_rst_ps8_0_100M_0    |    1 |
| u96v2_sbc_mp4d_example_0_0         |    1 |
| u96v2_sbc_mp4d_axi_smc_0           |    1 |
| u96v2_sbc_mp4d_axi_intc_0_0        |    1 |
| u96v2_sbc_mp4d_axi_dma_0_0         |    1 |
+------------------------------------+------+


