Copyright 1986-2020 Xilinx, Inc. All Rights Reserved.
--------------------------------------------------------------------------------------------------------------------------------------------------------------------------------------------------------
| Tool Version : Vivado v.2020.2 (lin64) Build 3064766 Wed Nov 18 09:12:47 MST 2020
| Date         : Sat Nov  9 17:17:27 2024
| Host         : aksel-Aspire-A315-56 running 64-bit Ubuntu 20.04.6 LTS
| Command      : report_methodology -file u96v2_sbc_mp4d_wrapper_methodology_drc_routed.rpt -pb u96v2_sbc_mp4d_wrapper_methodology_drc_routed.pb -rpx u96v2_sbc_mp4d_wrapper_methodology_drc_routed.rpx
| Design       : u96v2_sbc_mp4d_wrapper
| Device       : xczu3eg-sbva484-1-i
| Speed File   : -1
| Design State : Fully Routed
--------------------------------------------------------------------------------------------------------------------------------------------------------------------------------------------------------

Report Methodology

Table of Contents
-----------------
1. REPORT SUMMARY
2. REPORT DETAILS

1. REPORT SUMMARY
-----------------
            Netlist: netlist
          Floorplan: design_1
      Design limits: <entire design considered>
             Max violations: <unlimited>
             Violations found: 0
+------+----------+-------------+------------+
| Rule | Severity | Description | Violations |
+------+----------+-------------+------------+
+------+----------+-------------+------------+

2. REPORT DETAILS
-----------------

