[0.015s] Invoking command in '/home/johan/Documents/ros_2_worspace/src/usb_cam/build/usb_cam': CMAKE_PREFIX_PATH=/opt/ros/foxy /usr/bin/cmake /home/johan/Documents/ros_2_worspace/src/usb_cam -DCMAKE_INSTALL_PREFIX=/home/johan/Documents/ros_2_worspace/src/usb_cam/install/usb_cam
[0.159s] -- The C compiler identification is GNU 9.4.0
[0.278s] -- The CXX compiler identification is GNU 9.4.0
[0.282s] -- Check for working C compiler: /usr/bin/cc
[0.457s] -- Check for working C compiler: /usr/bin/cc -- works
[0.457s] -- Detecting C compiler ABI info
[0.575s] -- Detecting C compiler ABI info - done
[0.591s] -- Detecting C compile features
[0.591s] -- Detecting C compile features - done
[0.593s] -- Check for working CXX compiler: /usr/bin/c++
[0.686s] -- Check for working CXX compiler: /usr/bin/c++ -- works
[0.687s] -- Detecting CXX compiler ABI info
[0.793s] -- Detecting CXX compiler ABI info - done
[0.808s] -- Detecting CXX compile features
[0.808s] -- Detecting CXX compile features - done
[0.976s] -- Found ament_cmake_auto: 0.9.12 (/opt/ros/foxy/share/ament_cmake_auto/cmake)
[1.010s] -- Found PythonInterp: /usr/bin/python3 (found suitable version "3.8.10", minimum required is "3") 
[1.011s] -- Using PYTHON_EXECUTABLE: /usr/bin/python3
[1.608s] -- Using all available rosidl_typesupport_c: rosidl_typesupport_fastrtps_c;rosidl_typesupport_introspection_c
[1.613s] -- Found rosidl_adapter: 1.3.1 (/opt/ros/foxy/share/rosidl_adapter/cmake)
[1.718s] -- Found OpenSSL: /usr/lib/x86_64-linux-gnu/libcrypto.so (found version "1.1.1f")  
[1.747s] -- Found FastRTPS: /opt/ros/foxy/include  
[1.810s] -- Using all available rosidl_typesupport_cpp: rosidl_typesupport_fastrtps_cpp;rosidl_typesupport_introspection_cpp
[1.855s] -- Found rmw_implementation_cmake: 1.0.4 (/opt/ros/foxy/share/rmw_implementation_cmake/cmake)
[1.856s] -- Using RMW implementation 'rmw_fastrtps_cpp' as default
[1.857s] -- Looking for pthread.h
[1.959s] -- Looking for pthread.h - found
[1.960s] -- Performing Test CMAKE_HAVE_LIBC_PTHREAD
[2.062s] -- Performing Test CMAKE_HAVE_LIBC_PTHREAD - Failed
[2.062s] -- Looking for pthread_create in pthreads
[2.152s] -- Looking for pthread_create in pthreads - not found
[2.152s] -- Looking for pthread_create in pthread
[2.258s] -- Looking for pthread_create in pthread - found
[2.259s] -- Found Threads: TRUE  
[3.771s] -- Setting yaml-cpp_DIR to: '/opt/ros/foxy/share/yaml_cpp_vendor/cmake/../../../opt/yaml_cpp_vendor/lib/cmake/yaml-cpp'
[4.054s] -- Found OpenCV: /usr (found version "4.2.0") 
[4.057s] -- Found PkgConfig: /usr/bin/pkg-config (found version "0.29.1") 
[4.059s] -- Checking for module 'libavcodec'
[4.161s] --   Found libavcodec, version 58.54.100
[4.237s] -- Checking for module 'libavutil'
[4.263s] --   Found libavutil, version 56.31.100
[4.328s] -- Checking for module 'libswscale'
[4.381s] --   Found libswscale, version 5.5.100
[4.563s] -- Found ament_lint_auto: 0.9.8 (/opt/ros/foxy/share/ament_lint_auto/cmake)
[4.634s] -- Found gtest sources under '/opt/ros/foxy/src/gtest_vendor': C++ tests using 'Google Test' will be built
[4.637s] -- Check if compiler accepts -pthread
[4.809s] -- Check if compiler accepts -pthread - yes
[4.868s] -- Added test 'copyright' to check source files copyright and LICENSE
[4.882s] -- Added test 'cppcheck' to perform static code analysis on C / C++ code
[4.883s] -- Configured cppcheck include dirs: /home/johan/Documents/ros_2_worspace/src/usb_cam/include
[4.883s] -- Configured cppcheck exclude dirs and/or files: 
[4.888s] -- Added test 'cpplint' to check C / C++ code against the Google style
[4.888s] -- Configured cpplint exclude dirs and/or files: 
[4.889s] -- Added test 'flake8' to check Python code syntax and style conventions
[4.938s] -- Added test 'lint_cmake' to check CMake code style
[4.941s] -- Added test 'pep257' to check Python code against some of the style conventions in PEP 257
[4.949s] -- Added test 'uncrustify' to check C / C++ code style
[4.949s] -- Configured uncrustify additional arguments: 
[4.950s] -- Added test 'xmllint' to check XML markup files
[4.996s] -- Configuring done
[5.041s] -- Generating done
[5.044s] -- Build files have been written to: /home/johan/Documents/ros_2_worspace/src/usb_cam/build/usb_cam
[5.060s] Invoked command in '/home/johan/Documents/ros_2_worspace/src/usb_cam/build/usb_cam' returned '0': CMAKE_PREFIX_PATH=/opt/ros/foxy /usr/bin/cmake /home/johan/Documents/ros_2_worspace/src/usb_cam -DCMAKE_INSTALL_PREFIX=/home/johan/Documents/ros_2_worspace/src/usb_cam/install/usb_cam
[5.065s] Invoking command in '/home/johan/Documents/ros_2_worspace/src/usb_cam/build/usb_cam': CMAKE_PREFIX_PATH=/opt/ros/foxy /usr/bin/cmake --build /home/johan/Documents/ros_2_worspace/src/usb_cam/build/usb_cam -- -j8 -l8
[5.117s] [35m[1mScanning dependencies of target usb_cam_node_exe[0m
[5.119s] [35m[1mScanning dependencies of target usb_cam[0m
[5.120s] [35m[1mScanning dependencies of target gtest_main[0m
[5.121s] [35m[1mScanning dependencies of target gtest[0m
[5.153s] [  7%] [32mBuilding CXX object CMakeFiles/usb_cam.dir/src/usb_cam.cpp.o[0m
[5.291s] [ 14%] [32mBuilding CXX object CMakeFiles/usb_cam_node_exe.dir/rclcpp_components/node_main_usb_cam_node_exe.cpp.o[0m
[5.809s] [ 21%] [32mBuilding CXX object gtest/CMakeFiles/gtest.dir/src/gtest-all.cc.o[0m
[5.810s] [ 28%] [32mBuilding CXX object gtest/CMakeFiles/gtest_main.dir/src/gtest_main.cc.o[0m
[6.990s] [ 35%] [32m[1mLinking CXX static library libgtest_main.a[0m
[7.126s] [ 35%] Built target gtest_main
[7.743s] [ 42%] [32m[1mLinking CXX executable usb_cam_node_exe[0m
[7.992s] [ 42%] Built target usb_cam_node_exe
[8.443s] [ 50%] [32m[1mLinking CXX shared library libusb_cam.so[0m
[8.637s] [ 50%] Built target usb_cam
[8.653s] [35m[1mScanning dependencies of target usb_cam_node[0m
[8.905s] [ 57%] [32mBuilding CXX object CMakeFiles/usb_cam_node.dir/src/ros2/usb_cam_node.cpp.o[0m
[9.552s] [ 64%] [32m[1mLinking CXX static library libgtest.a[0m
[9.611s] [ 64%] Built target gtest
[9.622s] [35m[1mScanning dependencies of target test_pixel_formats[0m
[9.624s] [35m[1mScanning dependencies of target test_usb_cam_utils[0m
[9.648s] [ 71%] [32mBuilding CXX object CMakeFiles/test_usb_cam_utils.dir/test/test_usb_cam_utils.cpp.o[0m
[9.669s] [ 78%] [32mBuilding CXX object CMakeFiles/test_pixel_formats.dir/test/test_pixel_formats.cpp.o[0m
[11.049s] [ 85%] [32m[1mLinking CXX executable test_usb_cam_utils[0m
[11.256s] [ 85%] Built target test_usb_cam_utils
[11.390s] [ 92%] [32m[1mLinking CXX executable test_pixel_formats[0m
[11.571s] [ 92%] Built target test_pixel_formats
[15.046s] [100%] [32m[1mLinking CXX shared library libusb_cam_node.so[0m
[16.236s] [100%] Built target usb_cam_node
[16.257s] Invoked command in '/home/johan/Documents/ros_2_worspace/src/usb_cam/build/usb_cam' returned '0': CMAKE_PREFIX_PATH=/opt/ros/foxy /usr/bin/cmake --build /home/johan/Documents/ros_2_worspace/src/usb_cam/build/usb_cam -- -j8 -l8
[16.324s] Invoking command in '/home/johan/Documents/ros_2_worspace/src/usb_cam/build/usb_cam': CMAKE_PREFIX_PATH=/opt/ros/foxy /usr/bin/cmake --install /home/johan/Documents/ros_2_worspace/src/usb_cam/build/usb_cam
[16.331s] -- Install configuration: ""
[16.331s] -- Installing: /home/johan/Documents/ros_2_worspace/src/usb_cam/install/usb_cam/share/usb_cam/environment/library_path.sh
[16.331s] -- Installing: /home/johan/Documents/ros_2_worspace/src/usb_cam/install/usb_cam/share/usb_cam/environment/library_path.dsv
[16.331s] -- Installing: /home/johan/Documents/ros_2_worspace/src/usb_cam/install/usb_cam/lib/usb_cam/usb_cam_node_exe
[16.332s] -- Set runtime path of "/home/johan/Documents/ros_2_worspace/src/usb_cam/install/usb_cam/lib/usb_cam/usb_cam_node_exe" to ""
[16.332s] -- Installing: /home/johan/Documents/ros_2_worspace/src/usb_cam/install/usb_cam/lib/usb_cam/show_image.py
[16.332s] -- Installing: /home/johan/Documents/ros_2_worspace/src/usb_cam/install/usb_cam/lib/libusb_cam.so
[16.334s] -- Installing: /home/johan/Documents/ros_2_worspace/src/usb_cam/install/usb_cam/lib/libusb_cam_node.so
[16.336s] -- Set runtime path of "/home/johan/Documents/ros_2_worspace/src/usb_cam/install/usb_cam/lib/libusb_cam_node.so" to ""
[16.336s] -- Installing: /home/johan/Documents/ros_2_worspace/src/usb_cam/install/usb_cam/include
[16.336s] -- Installing: /home/johan/Documents/ros_2_worspace/src/usb_cam/install/usb_cam/include/usb_cam
[16.337s] -- Installing: /home/johan/Documents/ros_2_worspace/src/usb_cam/install/usb_cam/include/usb_cam/formats
[16.337s] -- Installing: /home/johan/Documents/ros_2_worspace/src/usb_cam/install/usb_cam/include/usb_cam/formats/yuyv.hpp
[16.337s] -- Installing: /home/johan/Documents/ros_2_worspace/src/usb_cam/install/usb_cam/include/usb_cam/formats/utils.hpp
[16.337s] -- Installing: /home/johan/Documents/ros_2_worspace/src/usb_cam/install/usb_cam/include/usb_cam/formats/mono.hpp
[16.337s] -- Installing: /home/johan/Documents/ros_2_worspace/src/usb_cam/install/usb_cam/include/usb_cam/formats/uyvy.hpp
[16.337s] -- Installing: /home/johan/Documents/ros_2_worspace/src/usb_cam/install/usb_cam/include/usb_cam/formats/m420.hpp
[16.337s] -- Installing: /home/johan/Documents/ros_2_worspace/src/usb_cam/install/usb_cam/include/usb_cam/formats/mjpeg.hpp
[16.337s] -- Installing: /home/johan/Documents/ros_2_worspace/src/usb_cam/install/usb_cam/include/usb_cam/formats/av_pixel_format_helper.hpp
[16.337s] -- Installing: /home/johan/Documents/ros_2_worspace/src/usb_cam/install/usb_cam/include/usb_cam/formats/pixel_format_base.hpp
[16.338s] -- Installing: /home/johan/Documents/ros_2_worspace/src/usb_cam/install/usb_cam/include/usb_cam/formats/rgb.hpp
[16.338s] -- Installing: /home/johan/Documents/ros_2_worspace/src/usb_cam/install/usb_cam/include/usb_cam/usb_cam_node.hpp
[16.338s] -- Installing: /home/johan/Documents/ros_2_worspace/src/usb_cam/install/usb_cam/include/usb_cam/utils.hpp
[16.338s] -- Installing: /home/johan/Documents/ros_2_worspace/src/usb_cam/install/usb_cam/include/usb_cam/constants.hpp
[16.338s] -- Installing: /home/johan/Documents/ros_2_worspace/src/usb_cam/install/usb_cam/include/usb_cam/conversions.hpp
[16.338s] -- Installing: /home/johan/Documents/ros_2_worspace/src/usb_cam/install/usb_cam/include/usb_cam/usb_cam.hpp
[16.338s] -- Up-to-date: /home/johan/Documents/ros_2_worspace/src/usb_cam/install/usb_cam/lib/libusb_cam_node.so
[16.339s] -- Installing: /home/johan/Documents/ros_2_worspace/src/usb_cam/install/usb_cam/share/usb_cam/launch
[16.339s] -- Installing: /home/johan/Documents/ros_2_worspace/src/usb_cam/install/usb_cam/share/usb_cam/launch/__init__.py
[16.339s] -- Installing: /home/johan/Documents/ros_2_worspace/src/usb_cam/install/usb_cam/share/usb_cam/launch/camera.launch.py
[16.339s] -- Installing: /home/johan/Documents/ros_2_worspace/src/usb_cam/install/usb_cam/share/usb_cam/launch/camera_config.py
[16.339s] -- Installing: /home/johan/Documents/ros_2_worspace/src/usb_cam/install/usb_cam/share/usb_cam/config
[16.339s] -- Installing: /home/johan/Documents/ros_2_worspace/src/usb_cam/install/usb_cam/share/usb_cam/config/params_1.yaml
[16.339s] -- Installing: /home/johan/Documents/ros_2_worspace/src/usb_cam/install/usb_cam/share/usb_cam/config/camera_info.yaml
[16.339s] -- Installing: /home/johan/Documents/ros_2_worspace/src/usb_cam/install/usb_cam/share/usb_cam/config/params_2.yaml
[16.340s] -- Installing: /home/johan/Documents/ros_2_worspace/src/usb_cam/install/usb_cam/share/ament_index/resource_index/package_run_dependencies/usb_cam
[16.340s] -- Installing: /home/johan/Documents/ros_2_worspace/src/usb_cam/install/usb_cam/share/ament_index/resource_index/parent_prefix_path/usb_cam
[16.340s] -- Installing: /home/johan/Documents/ros_2_worspace/src/usb_cam/install/usb_cam/share/usb_cam/environment/ament_prefix_path.sh
[16.340s] -- Installing: /home/johan/Documents/ros_2_worspace/src/usb_cam/install/usb_cam/share/usb_cam/environment/ament_prefix_path.dsv
[16.340s] -- Installing: /home/johan/Documents/ros_2_worspace/src/usb_cam/install/usb_cam/share/usb_cam/environment/path.sh
[16.340s] -- Installing: /home/johan/Documents/ros_2_worspace/src/usb_cam/install/usb_cam/share/usb_cam/environment/path.dsv
[16.340s] -- Installing: /home/johan/Documents/ros_2_worspace/src/usb_cam/install/usb_cam/share/usb_cam/local_setup.bash
[16.340s] -- Installing: /home/johan/Documents/ros_2_worspace/src/usb_cam/install/usb_cam/share/usb_cam/local_setup.sh
[16.341s] -- Installing: /home/johan/Documents/ros_2_worspace/src/usb_cam/install/usb_cam/share/usb_cam/local_setup.zsh
[16.341s] -- Installing: /home/johan/Documents/ros_2_worspace/src/usb_cam/install/usb_cam/share/usb_cam/local_setup.dsv
[16.341s] -- Installing: /home/johan/Documents/ros_2_worspace/src/usb_cam/install/usb_cam/share/usb_cam/package.dsv
[16.341s] -- Installing: /home/johan/Documents/ros_2_worspace/src/usb_cam/install/usb_cam/share/ament_index/resource_index/packages/usb_cam
[16.341s] -- Installing: /home/johan/Documents/ros_2_worspace/src/usb_cam/install/usb_cam/share/ament_index/resource_index/rclcpp_components/usb_cam
[16.341s] -- Installing: /home/johan/Documents/ros_2_worspace/src/usb_cam/install/usb_cam/share/usb_cam/cmake/ament_cmake_export_libraries-extras.cmake
[16.341s] -- Installing: /home/johan/Documents/ros_2_worspace/src/usb_cam/install/usb_cam/share/usb_cam/cmake/ament_cmake_export_dependencies-extras.cmake
[16.341s] -- Installing: /home/johan/Documents/ros_2_worspace/src/usb_cam/install/usb_cam/share/usb_cam/cmake/ament_cmake_export_include_directories-extras.cmake
[16.341s] -- Installing: /home/johan/Documents/ros_2_worspace/src/usb_cam/install/usb_cam/share/usb_cam/cmake/usb_camConfig.cmake
[16.341s] -- Installing: /home/johan/Documents/ros_2_worspace/src/usb_cam/install/usb_cam/share/usb_cam/cmake/usb_camConfig-version.cmake
[16.342s] -- Installing: /home/johan/Documents/ros_2_worspace/src/usb_cam/install/usb_cam/share/usb_cam/package.xml
[16.343s] Invoked command in '/home/johan/Documents/ros_2_worspace/src/usb_cam/build/usb_cam' returned '0': CMAKE_PREFIX_PATH=/opt/ros/foxy /usr/bin/cmake --install /home/johan/Documents/ros_2_worspace/src/usb_cam/build/usb_cam
